2026-03-11T03:45:31.553750151Z [inf]  Starting Container
2026-03-11T03:45:32.573544494Z [err]  warn The configuration property `package.json#prisma` is deprecated and will be removed in Prisma 7. Please migrate to a Prisma config file (e.g., `prisma.config.ts`).
2026-03-11T03:45:32.573552363Z [err]  For more information, see: https://pris.ly/prisma-config
2026-03-11T03:45:32.573558694Z [err]  
2026-03-11T03:45:32.573564172Z [inf]  Prisma schema loaded from prisma/schema.prisma
2026-03-11T03:45:32.573568840Z [inf]  Datasource "db": PostgreSQL database "railway", schema "public" at "postgres.railway.internal:5432"
2026-03-11T03:45:32.573574223Z [inf]  
2026-03-11T03:45:32.573577920Z [inf]  No migration found in prisma/migrations
2026-03-11T03:45:32.573581616Z [inf]  
2026-03-11T03:45:32.573585238Z [inf]  
2026-03-11T03:45:32.573588822Z [inf]  No pending migrations to apply.
2026-03-11T03:45:32.573592343Z [err]  npm notice
2026-03-11T03:45:32.573595577Z [err]  npm notice New major version of npm available! 10.8.2 -> 11.11.0
2026-03-11T03:45:32.573600542Z [err]  npm notice Changelog: https://github.com/npm/cli/releases/tag/v11.11.0
2026-03-11T03:45:32.573604356Z [err]  npm notice To update run: npm install -g npm@11.11.0
2026-03-11T03:45:32.573607941Z [err]  npm notice
2026-03-11T03:45:35.698619836Z [inf]  Stopping Container
2026-03-11T03:45:59.893584506Z [inf]  
2026-03-11T03:45:59.893588706Z [inf]  > bigdatacorp@0.1.0 start
2026-03-11T03:45:59.893592836Z [inf]  > next start
2026-03-11T03:45:59.893596546Z [inf]  
2026-03-11T03:45:59.893600346Z [err]   ⚠ You are using a non-standard "NODE_ENV" value in your environment. This creates inconsistencies in the project and is strongly advised against. Read more: https://nextjs.org/docs/messages/non-standard-node-env
2026-03-11T03:45:59.896831457Z [inf]    ▲ Next.js 14.2.35
2026-03-11T03:45:59.896837867Z [inf]    - Local:        http://localhost:8080
2026-03-11T03:45:59.896842206Z [inf]  
2026-03-11T03:45:59.896846636Z [inf]   ✓ Starting...
2026-03-11T03:46:00.047872158Z [inf]   ✓ Ready in 256ms
2026-03-11T03:46:00.304049923Z [inf]  [Prisma] DATABASE_URL: postgresql://postgres:***@postgres.railway.internal:5432/railway
2026-03-11T03:46:00.456179029Z [inf]  Starting Container